<?xml version="1.0" encoding="UTF-8"?>
<coverage generated="1581097995452" clover="3.2.0">
  <project timestamp="1581097995452" name="All files">
    <metrics statements="3" coveredstatements="2" conditionals="0" coveredconditionals="0" methods="1" coveredmethods="1" elements="4" coveredelements="3" complexity="0" loc="3" ncloc="3" packages="2" files="2" classes="2"/>
    <package name="slack-poll-web">
      <metrics statements="1" coveredstatements="0" conditionals="0" coveredconditionals="0" methods="0" coveredmethods="0"/>
      <file name="jest.config.js" path="/home/juandedios/Documentos/Trabajo/Yellowme/Cursos/Javascript/Testing/Others/slack-poll-web/jest.config.js">
        <metrics statements="1" coveredstatements="0" conditionals="0" coveredconditionals="0" methods="0" coveredmethods="0"/>
        <line num="1" count="0" type="stmt"/>
      </file>
    </package>
    <package name="slack-poll-web.src.components.Poll">
      <metrics statements="2" coveredstatements="2" conditionals="0" coveredconditionals="0" methods="1" coveredmethods="1"/>
      <file name="PollInfo.vue" path="/home/juandedios/Documentos/Trabajo/Yellowme/Cursos/Javascript/Testing/Others/slack-poll-web/src/components/Poll/PollInfo.vue">
        <metrics statements="2" coveredstatements="2" conditionals="0" coveredconditionals="0" methods="1" coveredmethods="1"/>
        <line num="29" count="1" type="stmt"/>
        <line num="45" count="1" type="stmt"/>
      </file>
    </package>
  </project>
</coverage>
