{"/home/juandedios/Documentos/Trabajo/Yellowme/Cursos/Javascript/Testing/Others/slack-poll-web/jest.config.js": {"path":"/home/juandedios/Documentos/Trabajo/Yellowme/Cursos/Javascript/Testing/Others/slack-poll-web/jest.config.js","statementMap":{"0":{"start":{"line":1,"column":0},"end":{"line":14,"column":1}}},"fnMap":{},"branchMap":{},"s":{"0":0},"f":{},"b":{},"hash":"3224f23eb32ae148b0e9cff74027907cd7646c41"}
,"/home/juandedios/Documentos/Trabajo/Yellowme/Cursos/Javascript/Testing/Others/slack-poll-web/src/components/Poll/PollInfo.vue": {"path":"/home/juandedios/Documentos/Trabajo/Yellowme/Cursos/Javascript/Testing/Others/slack-poll-web/src/components/Poll/PollInfo.vue","statementMap":{"0":{"start":{"line":29,"column":0},"end":{"line":29,"column":null}},"1":{"start":{"line":45,"column":0},"end":{"line":45,"column":null}}},"fnMap":{"0":{"name":"(anonymous_1)","decl":{"start":{"line":44,"column":0},"end":{"line":44,"column":null}},"loc":{"start":{"line":44,"column":0},"end":{"line":46,"column":null}}}},"branchMap":{},"s":{"0":1,"1":1},"f":{"0":1},"b":{}}
}
